#
# There is insufficient memory for the Java Runtime Environment to continue.
# Native memory allocation (malloc) failed to allocate 1017872 bytes for Chunk::new
# Possible reasons:
#   The system is out of physical RAM or swap space
#   In 32 bit mode, the process size limit was hit
# Possible solutions:
#   Reduce memory load on the system
#   Increase physical memory or swap space
#   Check if swap backing store is full
#   Use 64 bit Java on a 64 bit OS
#   Decrease Java heap size (-Xmx/-Xms)
#   Decrease number of Java threads
#   Decrease Java thread stack sizes (-Xss)
#   Set larger code cache with -XX:ReservedCodeCacheSize=
# This output file may be truncated or incomplete.
#
#  Out of Memory Error (allocation.cpp:390), pid=14732, tid=13360
#
# JRE version: Java(TM) SE Runtime Environment (8.0_45-b15) (build 1.8.0_45-b15)
# Java VM: Java HotSpot(TM) 64-Bit Server VM (25.45-b02 mixed mode windows-amd64 compressed oops)
# Failed to write core dump. Minidumps are not enabled by default on client versions of Windows
#

---------------  T H R E A D  ---------------

Current thread (0x0000000017083000):  JavaThread "C2 CompilerThread1" daemon [_thread_in_native, id=13360, stack(0x0000000017580000,0x0000000017680000)]

Stack: [0x0000000017580000,0x0000000017680000]
Native frames: (J=compiled Java code, j=interpreted, Vv=VM code, C=native code)
V  [jvm.dll+0x32b57a]
V  [jvm.dll+0x279873]
V  [jvm.dll+0x27a509]
V  [jvm.dll+0x271825]
V  [jvm.dll+0xcb9e2]
V  [jvm.dll+0xcbeac]
V  [jvm.dll+0x4929e7]
V  [jvm.dll+0x45f8ca]
V  [jvm.dll+0x46a73b]
V  [jvm.dll+0x46cd52]
V  [jvm.dll+0x4500f2]
V  [jvm.dll+0xa4352]
V  [jvm.dll+0xa4c8f]
V  [jvm.dll+0x241984]
V  [jvm.dll+0x29853a]
C  [msvcr100.dll+0x21d9f]
C  [msvcr100.dll+0x21e3b]
C  [KERNEL32.DLL+0x18102]
C  [ntdll.dll+0x5c5b4]


Current CompileTask:
C2: 307151 11011       4       org.codehaus.groovy.reflection.CachedMethod::compareTo (25 bytes)


---------------  P R O C E S S  ---------------

Java Threads: ( => current thread )
  0x0000000018746000 JavaThread "Stdin handler" [_thread_blocked, id=16312, stack(0x0000000026a80000,0x0000000026b80000)]
  0x0000000018745000 JavaThread "Asynchronous log dispatcher for org.gradle.launcher.daemon.server.DefaultDaemonConnection@7bd73e8d" [_thread_blocked, id=16308, stack(0x0000000026980000,0x0000000026a80000)]
  0x0000000018743800 JavaThread "Daemon worker Thread 2" [_thread_in_Java, id=16296, stack(0x0000000026880000,0x0000000026980000)]
  0x0000000018742800 JavaThread "Cancel handler" [_thread_blocked, id=16292, stack(0x0000000026780000,0x0000000026880000)]
  0x0000000018742000 JavaThread "Handler for socket connection from /127.0.0.1:60973 to /127.0.0.1:61643" [_thread_in_native, id=16288, stack(0x0000000026680000,0x0000000026780000)]
  0x0000000018744800 JavaThread "Daemon Thread 2" [_thread_blocked, id=16284, stack(0x0000000026580000,0x0000000026680000)]
  0x0000000018753800 JavaThread "File lock request listener" [_thread_in_native, id=3248, stack(0x000000001a210000,0x000000001a310000)]
  0x0000000018851800 JavaThread "Incoming local TCP Connector on port 60973" [_thread_in_native, id=14396, stack(0x0000000019310000,0x0000000019410000)]
  0x0000000018656000 JavaThread "pool-1-thread-1" [_thread_blocked, id=4724, stack(0x0000000018180000,0x0000000018280000)]
  0x000000001710c800 JavaThread "Service Thread" daemon [_thread_blocked, id=9120, stack(0x0000000017780000,0x0000000017880000)]
  0x000000001708b800 JavaThread "C1 CompilerThread2" daemon [_thread_blocked, id=12156, stack(0x0000000017680000,0x0000000017780000)]
=>0x0000000017083000 JavaThread "C2 CompilerThread1" daemon [_thread_in_native, id=13360, stack(0x0000000017580000,0x0000000017680000)]
  0x0000000015b5d800 JavaThread "C2 CompilerThread0" daemon [_thread_in_native, id=1804, stack(0x0000000017480000,0x0000000017580000)]
  0x0000000015b5b000 JavaThread "Attach Listener" daemon [_thread_blocked, id=15296, stack(0x0000000016f80000,0x0000000017080000)]
  0x0000000015b0f000 JavaThread "Signal Dispatcher" daemon [_thread_blocked, id=14456, stack(0x0000000016e80000,0x0000000016f80000)]
  0x0000000003427000 JavaThread "Finalizer" daemon [_thread_blocked, id=14928, stack(0x0000000016d80000,0x0000000016e80000)]
  0x000000000341e000 JavaThread "Reference Handler" daemon [_thread_blocked, id=11212, stack(0x0000000016c80000,0x0000000016d80000)]
  0x0000000003332800 JavaThread "main" [_thread_blocked, id=3868, stack(0x0000000002e40000,0x0000000002f40000)]

Other Threads:
  0x0000000015ac8000 VMThread [stack: 0x0000000016b80000,0x0000000016c80000] [id=13028]
  0x0000000017115800 WatcherThread [stack: 0x0000000017880000,0x0000000017980000] [id=2360]

VM state:not at safepoint (normal execution)

VM Mutex/Monitor currently owned by a thread: None

Heap:
 PSYoungGen      total 218624K, used 90917K [0x00000000eab00000, 0x00000000fbf00000, 0x0000000100000000)
  eden space 196096K, 34% used [0x00000000eab00000,0x00000000eedcb7f0,0x00000000f6a80000)
  from space 22528K, 99% used [0x00000000f6a80000,0x00000000f807dca0,0x00000000f8080000)
  to   space 27136K, 0% used [0x00000000fa480000,0x00000000fa480000,0x00000000fbf00000)
 ParOldGen       total 94208K, used 45023K [0x00000000c0000000, 0x00000000c5c00000, 0x00000000eab00000)
  object space 94208K, 47% used [0x00000000c0000000,0x00000000c2bf7cf0,0x00000000c5c00000)
 Metaspace       used 60634K, capacity 62514K, committed 62720K, reserved 1103872K
  class space    used 8144K, capacity 8607K, committed 8704K, reserved 1048576K

Card table byte_map: [0x00000000127f0000,0x0000000012a00000] byte_map_base: 0x00000000121f0000

Marking Bits: (ParMarkBitMap*) 0x000000006f114040
 Begin Bits: [0x0000000012f60000, 0x0000000013f60000)
 End Bits:   [0x0000000013f60000, 0x0000000014f60000)

Polling page: 0x00000000011b0000

CodeCache: size=245760Kb used=29793Kb max_used=30607Kb free=215966Kb
 bounds [0x0000000003430000, 0x0000000005250000, 0x0000000012430000]
 total_blobs=9743 nmethods=8969 adapters=685
 compilation: enabled

Compilation events (10 events):
Event: 306.978 Thread 0x0000000015b5d800 11148       4       java.net.URI$Parser::at (20 bytes)
Event: 306.979 Thread 0x000000001708b800 11150   !   3       org.gradle.internal.typeconversion.ErrorHandlingNotationParser::parseNotation (98 bytes)
Event: 306.979 Thread 0x0000000015b5d800 nmethod 11148 0x0000000003b7a790 code [0x0000000003b7a8e0, 0x0000000003b7a9d8]
Event: 306.979 Thread 0x0000000015b5d800 11099       4       org.gradle.model.internal.core.ModelPath::hashCode (8 bytes)
Event: 306.980 Thread 0x000000001708b800 nmethod 11150 0x0000000003cba890 code [0x0000000003cbac00, 0x0000000003cbc9b8]
Event: 306.981 Thread 0x000000001708b800 11151       3       org.gradle.api.internal.DefaultDomainObjectSet::<init> (19 bytes)
Event: 306.982 Thread 0x000000001708b800 nmethod 11151 0x0000000003cb91d0 code [0x0000000003cb9400, 0x0000000003cb9fc8]
Event: 306.982 Thread 0x0000000015b5d800 nmethod 11099 0x00000000036546d0 code [0x0000000003654800, 0x0000000003654978]
Event: 306.984 Thread 0x000000001708b800 11152       3       java.util.TreeSet::size (10 bytes)
Event: 306.984 Thread 0x000000001708b800 nmethod 11152 0x00000000039d0650 code [0x00000000039d07c0, 0x00000000039d09e8]

GC Heap History (10 events):
Event: 75.112 GC heap before
{Heap before GC invocations=14 (full 3):
 PSYoungGen      total 182272K, used 19454K [0x00000000eab00000, 0x00000000f7700000, 0x0000000100000000)
  eden space 162816K, 0% used [0x00000000eab00000,0x00000000eab00000,0x00000000f4a00000)
  from space 19456K, 99% used [0x00000000f4a00000,0x00000000f5cffa28,0x00000000f5d00000)
  to   space 23040K, 0% used [0x00000000f6080000,0x00000000f6080000,0x00000000f7700000)
 ParOldGen       total 94208K, used 31027K [0x00000000c0000000, 0x00000000c5c00000, 0x00000000eab00000)
  object space 94208K, 32% used [0x00000000c0000000,0x00000000c1e4cd20,0x00000000c5c00000)
 Metaspace       used 52752K, capacity 54060K, committed 54272K, reserved 1095680K
  class space    used 7274K, capacity 7588K, committed 7680K, reserved 1048576K
Event: 75.479 GC heap after
Heap after GC invocations=14 (full 3):
 PSYoungGen      total 182272K, used 0K [0x00000000eab00000, 0x00000000f7700000, 0x0000000100000000)
  eden space 162816K, 0% used [0x00000000eab00000,0x00000000eab00000,0x00000000f4a00000)
  from space 19456K, 0% used [0x00000000f4a00000,0x00000000f4a00000,0x00000000f5d00000)
  to   space 23040K, 0% used [0x00000000f6080000,0x00000000f6080000,0x00000000f7700000)
 ParOldGen       total 94208K, used 41675K [0x00000000c0000000, 0x00000000c5c00000, 0x00000000eab00000)
  object space 94208K, 44% used [0x00000000c0000000,0x00000000c28b2e70,0x00000000c5c00000)
 Metaspace       used 52752K, capacity 54060K, committed 54272K, reserved 1095680K
  class space    used 7274K, capacity 7588K, committed 7680K, reserved 1048576K
}
Event: 87.299 GC heap before
{Heap before GC invocations=15 (full 3):
 PSYoungGen      total 182272K, used 162816K [0x00000000eab00000, 0x00000000f7700000, 0x0000000100000000)
  eden space 162816K, 100% used [0x00000000eab00000,0x00000000f4a00000,0x00000000f4a00000)
  from space 19456K, 0% used [0x00000000f4a00000,0x00000000f4a00000,0x00000000f5d00000)
  to   space 23040K, 0% used [0x00000000f6080000,0x00000000f6080000,0x00000000f7700000)
 ParOldGen       total 94208K, used 41675K [0x00000000c0000000, 0x00000000c5c00000, 0x00000000eab00000)
  object space 94208K, 44% used [0x00000000c0000000,0x00000000c28b2e70,0x00000000c5c00000)
 Metaspace       used 54661K, capacity 56140K, committed 56192K, reserved 1097728K
  class space    used 7444K, capacity 7800K, committed 7808K, reserved 1048576K
Event: 87.406 GC heap after
Heap after GC invocations=15 (full 3):
 PSYoungGen      total 186368K, used 9210K [0x00000000eab00000, 0x00000000fa100000, 0x0000000100000000)
  eden space 163328K, 0% used [0x00000000eab00000,0x00000000eab00000,0x00000000f4a80000)
  from space 23040K, 39% used [0x00000000f6080000,0x00000000f697e920,0x00000000f7700000)
  to   space 22528K, 0% used [0x00000000f4a80000,0x00000000f4a80000,0x00000000f6080000)
 ParOldGen       total 94208K, used 41683K [0x00000000c0000000, 0x00000000c5c00000, 0x00000000eab00000)
  object space 94208K, 44% used [0x00000000c0000000,0x00000000c28b4e70,0x00000000c5c00000)
 Metaspace       used 54661K, capacity 56140K, committed 56192K, reserved 1097728K
  class space    used 7444K, capacity 7800K, committed 7808K, reserved 1048576K
}
Event: 100.665 GC heap before
{Heap before GC invocations=16 (full 3):
 PSYoungGen      total 186368K, used 172538K [0x00000000eab00000, 0x00000000fa100000, 0x0000000100000000)
  eden space 163328K, 100% used [0x00000000eab00000,0x00000000f4a80000,0x00000000f4a80000)
  from space 23040K, 39% used [0x00000000f6080000,0x00000000f697e920,0x00000000f7700000)
  to   space 22528K, 0% used [0x00000000f4a80000,0x00000000f4a80000,0x00000000f6080000)
 ParOldGen       total 94208K, used 41683K [0x00000000c0000000, 0x00000000c5c00000, 0x00000000eab00000)
  object space 94208K, 44% used [0x00000000c0000000,0x00000000c28b4e70,0x00000000c5c00000)
 Metaspace       used 58332K, capacity 59888K, committed 60032K, reserved 1101824K
  class space    used 7889K, capacity 8297K, committed 8320K, reserved 1048576K
Event: 100.682 GC heap after
Heap after GC invocations=16 (full 3):
 PSYoungGen      total 185856K, used 9466K [0x00000000eab00000, 0x00000000f9980000, 0x0000000100000000)
  eden space 163328K, 0% used [0x00000000eab00000,0x00000000eab00000,0x00000000f4a80000)
  from space 22528K, 42% used [0x00000000f4a80000,0x00000000f53be8d0,0x00000000f6080000)
  to   space 21504K, 0% used [0x00000000f8480000,0x00000000f8480000,0x00000000f9980000)
 ParOldGen       total 94208K, used 41691K [0x00000000c0000000, 0x00000000c5c00000, 0x00000000eab00000)
  object space 94208K, 44% used [0x00000000c0000000,0x00000000c28b6e70,0x00000000c5c00000)
 Metaspace       used 58332K, capacity 59888K, committed 60032K, reserved 1101824K
  class space    used 7889K, capacity 8297K, committed 8320K, reserved 1048576K
}
Event: 109.040 GC heap before
{Heap before GC invocations=17 (full 3):
 PSYoungGen      total 185856K, used 172794K [0x00000000eab00000, 0x00000000f9980000, 0x0000000100000000)
  eden space 163328K, 100% used [0x00000000eab00000,0x00000000f4a80000,0x00000000f4a80000)
  from space 22528K, 42% used [0x00000000f4a80000,0x00000000f53be8d0,0x00000000f6080000)
  to   space 21504K, 0% used [0x00000000f8480000,0x00000000f8480000,0x00000000f9980000)
 ParOldGen       total 94208K, used 41691K [0x00000000c0000000, 0x00000000c5c00000, 0x00000000eab00000)
  object space 94208K, 44% used [0x00000000c0000000,0x00000000c28b6e70,0x00000000c5c00000)
 Metaspace       used 59541K, capacity 61296K, committed 61568K, reserved 1101824K
  class space    used 8023K, capacity 8457K, committed 8576K, reserved 1048576K
Event: 109.061 GC heap after
Heap after GC invocations=17 (full 3):
 PSYoungGen      total 214528K, used 17025K [0x00000000eab00000, 0x00000000f9680000, 0x0000000100000000)
  eden space 196096K, 0% used [0x00000000eab00000,0x00000000eab00000,0x00000000f6a80000)
  from space 18432K, 92% used [0x00000000f8480000,0x00000000f95207d0,0x00000000f9680000)
  to   space 22528K, 0% used [0x00000000f6a80000,0x00000000f6a80000,0x00000000f8080000)
 ParOldGen       total 94208K, used 41699K [0x00000000c0000000, 0x00000000c5c00000, 0x00000000eab00000)
  object space 94208K, 44% used [0x00000000c0000000,0x00000000c28b8e70,0x00000000c5c00000)
 Metaspace       used 59541K, capacity 61296K, committed 61568K, reserved 1101824K
  class space    used 8023K, capacity 8457K, committed 8576K, reserved 1048576K
}
Event: 306.047 GC heap before
{Heap before GC invocations=18 (full 3):
 PSYoungGen      total 214528K, used 213121K [0x00000000eab00000, 0x00000000f9680000, 0x0000000100000000)
  eden space 196096K, 100% used [0x00000000eab00000,0x00000000f6a80000,0x00000000f6a80000)
  from space 18432K, 92% used [0x00000000f8480000,0x00000000f95207d0,0x00000000f9680000)
  to   space 22528K, 0% used [0x00000000f6a80000,0x00000000f6a80000,0x00000000f8080000)
 ParOldGen       total 94208K, used 41699K [0x00000000c0000000, 0x00000000c5c00000, 0x00000000eab00000)
  object space 94208K, 44% used [0x00000000c0000000,0x00000000c28b8e70,0x00000000c5c00000)
 Metaspace       used 59878K, capacity 61738K, committed 62080K, reserved 1103872K
  class space    used 8045K, capacity 8486K, committed 8576K, reserved 1048576K
Event: 306.082 GC heap after
Heap after GC invocations=18 (full 3):
 PSYoungGen      total 218624K, used 22519K [0x00000000eab00000, 0x00000000fbf00000, 0x0000000100000000)
  eden space 196096K, 0% used [0x00000000eab00000,0x00000000eab00000,0x00000000f6a80000)
  from space 22528K, 99% used [0x00000000f6a80000,0x00000000f807dca0,0x00000000f8080000)
  to   space 27136K, 0% used [0x00000000fa480000,0x00000000fa480000,0x00000000fbf00000)
 ParOldGen       total 94208K, used 45023K [0x00000000c0000000, 0x00000000c5c00000, 0x00000000eab00000)
  object space 94208K, 47% used [0x00000000c0000000,0x00000000c2bf7cf0,0x00000000c5c00000)
 Metaspace       used 59878K, capacity 61738K, committed 62080K, reserved 1103872K
  class space    used 8045K, capacity 8486K, committed 8576K, reserved 1048576K
}

Deoptimization events (10 events):
Event: 306.232 Thread 0x0000000018743800 Uncommon trap: reason=class_check action=maybe_recompile pc=0x0000000004e40d10 method=com.google.common.collect.AbstractMapBasedMultimap$WrappedCollection$WrappedIterator.hasNext()Z @ 8
Event: 306.232 Thread 0x0000000018743800 Uncommon trap: reason=class_check action=maybe_recompile pc=0x000000000390afdc method=com.google.common.collect.AbstractMapBasedMultimap$WrappedCollection$WrappedIterator.next()Ljava/lang/Object; @ 8
Event: 306.280 Thread 0x0000000018743800 Uncommon trap: reason=unstable_if action=reinterpret pc=0x00000000040dc83c method=java.util.Collections.indexedBinarySearch(Ljava/util/List;Ljava/lang/Object;)I @ 61
Event: 306.493 Thread 0x0000000018743800 Uncommon trap: reason=unstable_if action=reinterpret pc=0x000000000440da54 method=java.lang.Long.stringSize(J)I @ 11
Event: 306.621 Thread 0x0000000018743800 Uncommon trap: reason=class_check action=maybe_recompile pc=0x00000000042060fc method=java.util.regex.Pattern$BnM.match(Ljava/util/regex/Matcher;ILjava/lang/CharSequence;)Z @ 111
Event: 306.639 Thread 0x0000000018743800 Uncommon trap: reason=class_check action=maybe_recompile pc=0x00000000042060fc method=java.util.regex.Pattern$BnM.match(Ljava/util/regex/Matcher;ILjava/lang/CharSequence;)Z @ 111
Event: 306.739 Thread 0x0000000018743800 Uncommon trap: reason=class_check action=maybe_recompile pc=0x0000000004dcf0a4 method=sun.misc.URLClassPath$1.next()Z @ 46
Event: 306.745 Thread 0x0000000018743800 Uncommon trap: reason=array_check action=maybe_recompile pc=0x0000000003d5215c method=java.util.TimSort.binarySort([Ljava/lang/Object;IIILjava/util/Comparator;)V @ 193
Event: 306.764 Thread 0x0000000018743800 Uncommon trap: reason=array_check action=maybe_recompile pc=0x0000000003d5215c method=java.util.TimSort.binarySort([Ljava/lang/Object;IIILjava/util/Comparator;)V @ 193
Event: 306.885 Thread 0x0000000018743800 Uncommon trap: reason=class_check action=maybe_recompile pc=0x00000000042060fc method=java.util.regex.Pattern$BnM.match(Ljava/util/regex/Matcher;ILjava/lang/CharSequence;)Z @ 111

Internal exceptions (10 events):
Event: 306.747 Thread 0x0000000018743800 Exception <a 'java/lang/ClassNotFoundException': org/jetbrains/plugins/gradle/tooling/builder/WarModelBuilderImplBeanInfo> (0x00000000ee636938) thrown at [C:\re\workspace\8-2-build-windows-amd64-cygwin\jdk8u45\3627\hotspot\src\share\vm\classfile\systemDictÕ’ç…ô+s@
Event: 306.747 Thread 0x0000000018743800 Exception <a 'java/lang/ClassNotFoundException': org/jetbrains/plugins/gradle/tooling/builder/WarModelBuilderImplCustomizer> (0x00000000ee642908) thrown at [C:\re\workspace\8-2-build-windows-amd64-cygwin\jdk8u45\3627\hotspot\src\share\vm\classfile\systemDi0¥NÄþ+s@
Event: 306.750 Thread 0x0000000018743800 Exception <a 'java/lang/ClassNotFoundException': org/jetbrains/plugins/gradle/model/web/WebConfigurationBeanInfo> (0x00000000ee66ed70) thrown at [C:\re\workspace\8-2-build-windows-amd64-cygwin\jdk8u45\3627\hotspot\src\share\vm\classfile\systemDictionary.cpµvQ
Event: 306.750 Thread 0x0000000018743800 Exception <a 'java/lang/ClassNotFoundException': org/jetbrains/plugins/gradle/model/web/WebConfigurationCustomizer> (0x00000000ee67a038) thrown at [C:\re\workspace\8-2-build-windows-amd64-cygwin\jdk8u45\3627\hotspot\src\share\vm\classfile\systemDictionary.yRÀ-4,s@
Event: 306.763 Thread 0x0000000018743800 Exception <a 'java/lang/ClassNotFoundException': org/jetbrains/plugins/gradle/tooling/builder/TasksFactoryBeanInfo> (0x00000000ee6d7c70) thrown at [C:\re\workspace\8-2-build-windows-amd64-cygwin\jdk8u45\3627\hotspot\src\share\vm\classfile\systemDictionary.øÍp£5,s@
Event: 306.763 Thread 0x0000000018743800 Exception <a 'java/lang/ClassNotFoundException': org/jetbrains/plugins/gradle/tooling/builder/TasksFactoryCustomizer> (0x00000000ee6e3530) thrown at [C:\re\workspace\8-2-build-windows-amd64-cygwin\jdk8u45\3627\hotspot\src\share\vm\classfile\systemDictionarrF½@,s@
Event: 306.766 Thread 0x0000000018743800 Exception <a 'java/lang/ClassNotFoundException': org/jetbrains/plugins/gradle/tooling/builder/ExternalProjectBuilderImplBeanInfo> (0x00000000ee70ea90) thrown at [C:\re\workspace\8-2-build-windows-amd64-cygwin\jdk8u45\3627\hotspot\src\share\vm\classfile\sysÚrwNB,s@
Event: 306.766 Thread 0x0000000018743800 Exception <a 'java/lang/ClassNotFoundException': org/jetbrains/plugins/gradle/tooling/builder/ExternalProjectBuilderImplCustomizer> (0x00000000ee71b718) thrown at [C:\re\workspace\8-2-build-windows-amd64-cygwin\jdk8u45\3627\hotspot\src\share\vm\classfile\sUÞšb,s@
Event: 306.774 Thread 0x0000000018743800 Exception <a 'java/lang/ClassNotFoundException': org/jetbrains/plugins/gradle/model/ExternalProjectBeanInfo> (0x00000000ee75c6a0) thrown at [C:\re\workspace\8-2-build-windows-amd64-cygwin\jdk8u45\3627\hotspot\src\share\vm\classfile\systemDictionary.cpp, liùÒc,s@
Event: 306.774 Thread 0x0000000018743800 Exception <a 'java/lang/ClassNotFoundException': org/jetbrains/plugins/gradle/model/ExternalProjectCustomizer> (0x00000000ee767280) thrown at [C:\re\workspace\8-2-build-windows-amd64-cygwin\jdk8u45\3627\hotspot\src\share\vm\classfile\systemDictionary.cpp, 

Events (10 events):
Event: 306.804 Thread 0x000000001708b800 flushing nmethod 0x0000000004742810
Event: 306.807 Thread 0x000000001708b800 flushing nmethod 0x000000000498eb50
Event: 306.808 Thread 0x000000001708b800 flushing nmethod 0x0000000004bbb390
Event: 306.843 loading class org/gradle/model/internal/core/rule/describe/NestedModelRuleDescriptor
Event: 306.843 loading class org/gradle/model/internal/core/rule/describe/NestedModelRuleDescriptor done
Event: 306.885 Thread 0x0000000018743800 Uncommon trap: trap_request=0xffffffde fr.pc=0x00000000042060fc
Event: 306.885 Thread 0x0000000018743800 DEOPT PACKING pc=0x00000000042060fc sp=0x000000002697ded0
Event: 306.885 Thread 0x0000000018743800 DEOPT UNPACKING pc=0x000000000347582a sp=0x000000002697dda0 mode 2
Event: 306.887 loading class org/gradle/plugins/ide/internal/tooling/idea/DefaultIdeaSourceDirectory
Event: 306.887 loading class org/gradle/plugins/ide/internal/tooling/idea/DefaultIdeaSourceDirectory done


Dynamic libraries:
0x00007ff7724a0000 - 0x00007ff7724d7000 	C:\Program Files\Java\jdk1.8.0_45\bin\java.exe
0x00007ff9eab50000 - 0x00007ff9ead11000 	C:\WINDOWS\SYSTEM32\ntdll.dll
0x00007ff9e87e0000 - 0x00007ff9e888d000 	C:\WINDOWS\system32\KERNEL32.DLL
0x00007ff9e7bd0000 - 0x00007ff9e7db8000 	C:\WINDOWS\system32\KERNELBASE.dll
0x00007ff9ea780000 - 0x00007ff9ea827000 	C:\WINDOWS\system32\ADVAPI32.dll
0x00007ff9e8900000 - 0x00007ff9e899d000 	C:\WINDOWS\system32\msvcrt.dll
0x00007ff9eaa20000 - 0x00007ff9eaa7b000 	C:\WINDOWS\system32\sechost.dll
0x00007ff9e89b0000 - 0x00007ff9e8acc000 	C:\WINDOWS\system32\RPCRT4.dll
0x00007ff9e8b10000 - 0x00007ff9e8c66000 	C:\WINDOWS\system32\USER32.dll
0x00007ff9ea830000 - 0x00007ff9ea9b6000 	C:\WINDOWS\system32\GDI32.dll
0x00007ff9dad20000 - 0x00007ff9daf94000 	C:\WINDOWS\WinSxS\amd64_microsoft.windows.common-controls_6595b64144ccf1df_6.0.10586.589_none_a2ddb3caa539acce\COMCTL32.dll
0x00007ff9e8320000 - 0x00007ff9e859d000 	C:\WINDOWS\system32\combase.dll
0x00007ff9e7dc0000 - 0x00007ff9e7e2a000 	C:\WINDOWS\system32\bcryptPrimitives.dll
0x00007ff9e8ad0000 - 0x00007ff9e8b0b000 	C:\WINDOWS\system32\IMM32.DLL
0x000000006e490000 - 0x000000006e562000 	C:\Program Files\Java\jdk1.8.0_45\jre\bin\msvcr100.dll
0x000000006e910000 - 0x000000006f193000 	C:\Program Files\Java\jdk1.8.0_45\jre\bin\server\jvm.dll
0x00007ff9e89a0000 - 0x00007ff9e89a8000 	C:\WINDOWS\system32\PSAPI.DLL
0x00007ff9e5490000 - 0x00007ff9e54b3000 	C:\WINDOWS\SYSTEM32\WINMM.dll
0x00007ff9d9b20000 - 0x00007ff9d9b2a000 	C:\WINDOWS\SYSTEM32\VERSION.dll
0x00007ff9d9b00000 - 0x00007ff9d9b09000 	C:\WINDOWS\SYSTEM32\WSOCK32.dll
0x00007ff9e8890000 - 0x00007ff9e88fb000 	C:\WINDOWS\system32\WS2_32.dll
0x0000000001600000 - 0x000000000162c000 	C:\WINDOWS\SYSTEM32\WINMMBASE.dll
0x00007ff9e7ee0000 - 0x00007ff9e7f23000 	C:\WINDOWS\system32\cfgmgr32.dll
0x000000006e900000 - 0x000000006e90f000 	C:\Program Files\Java\jdk1.8.0_45\jre\bin\verify.dll
0x000000006e8d0000 - 0x000000006e8f9000 	C:\Program Files\Java\jdk1.8.0_45\jre\bin\java.dll
0x000000006e8b0000 - 0x000000006e8c6000 	C:\Program Files\Java\jdk1.8.0_45\jre\bin\zip.dll
0x00007ff9e8dd0000 - 0x00007ff9ea32c000 	C:\WINDOWS\system32\SHELL32.dll
0x00007ff9e7560000 - 0x00007ff9e7ba5000 	C:\WINDOWS\system32\windows.storage.dll
0x00007ff9ea9c0000 - 0x00007ff9eaa12000 	C:\WINDOWS\system32\shlwapi.dll
0x00007ff9e71d0000 - 0x00007ff9e71df000 	C:\WINDOWS\system32\kernel.appcore.dll
0x00007ff9e74a0000 - 0x00007ff9e7555000 	C:\WINDOWS\system32\shcore.dll
0x00007ff9e7160000 - 0x00007ff9e71ab000 	C:\WINDOWS\system32\powrprof.dll
0x00007ff9e71b0000 - 0x00007ff9e71c4000 	C:\WINDOWS\system32\profapi.dll
0x000000006e890000 - 0x000000006e8aa000 	C:\Program Files\Java\jdk1.8.0_45\jre\bin\net.dll
0x00007ff9e6a20000 - 0x00007ff9e6a7c000 	C:\WINDOWS\system32\mswsock.dll
0x000000006e870000 - 0x000000006e881000 	C:\Program Files\Java\jdk1.8.0_45\jre\bin\nio.dll
0x00007ff9d5920000 - 0x00007ff9d5932000 	C:\Users\Administrator\.gradle\native\19\windows-amd64\native-platform.dll
0x00007ff9e6ad0000 - 0x00007ff9e6ae7000 	C:\WINDOWS\SYSTEM32\CRYPTSP.dll
0x00007ff9e6760000 - 0x00007ff9e6794000 	C:\WINDOWS\system32\rsaenh.dll
0x00007ff9e7080000 - 0x00007ff9e70a9000 	C:\WINDOWS\SYSTEM32\bcrypt.dll
0x00007ff9e68b0000 - 0x00007ff9e68cf000 	C:\WINDOWS\SYSTEM32\USERENV.dll
0x00007ff9e6bf0000 - 0x00007ff9e6bfb000 	C:\WINDOWS\SYSTEM32\CRYPTBASE.dll
0x00007ff9dd4e0000 - 0x00007ff9dd518000 	C:\WINDOWS\SYSTEM32\IPHLPAPI.DLL
0x00007ff9ea330000 - 0x00007ff9ea338000 	C:\WINDOWS\system32\NSI.dll
0x00007ff9dd4c0000 - 0x00007ff9dd4d6000 	C:\WINDOWS\SYSTEM32\dhcpcsvc6.DLL
0x00007ff9dd4a0000 - 0x00007ff9dd4ba000 	C:\WINDOWS\SYSTEM32\dhcpcsvc.DLL
0x000000006e670000 - 0x000000006e67d000 	C:\Program Files\Java\jdk1.8.0_45\jre\bin\management.dll
0x000000006e5a0000 - 0x000000006e5c4000 	C:\Program Files\Java\jdk1.8.0_45\jre\bin\sunec.dll
0x00007ff9e5ad0000 - 0x00007ff9e5b7a000 	C:\WINDOWS\SYSTEM32\DNSAPI.dll
0x000000006f7a0000 - 0x000000006f7c6000 	C:\Program Files\Bonjour\mdnsNSP.dll
0x00007ff9d9290000 - 0x00007ff9d929a000 	C:\Windows\System32\rasadhlp.dll
0x00007ff9de6f0000 - 0x00007ff9de757000 	C:\WINDOWS\System32\fwpuclnt.dll
0x00007ff9e4960000 - 0x00007ff9e4978000 	C:\WINDOWS\system32\NLAapi.dll
0x00007ff9cae70000 - 0x00007ff9cae86000 	C:\WINDOWS\system32\napinsp.dll
0x00007ff9cad10000 - 0x00007ff9cad2a000 	C:\WINDOWS\system32\pnrpnsp.dll
0x00007ff9cd9e0000 - 0x00007ff9cd9ed000 	C:\WINDOWS\System32\winrnr.dll
0x00007ff9cacf0000 - 0x00007ff9cad05000 	C:\WINDOWS\System32\wshbth.dll
0x00007ff9cc850000 - 0x00007ff9cc9dc000 	C:\WINDOWS\SYSTEM32\dbghelp.dll

VM Arguments:
jvm_args: -XX:MaxPermSize=256m -XX:+HeapDumpOnOutOfMemoryError -Xmx1024m -Dfile.encoding=GBK -Duser.country=CN -Duser.language=zh -Duser.variant 
java_command: org.gradle.launcher.daemon.bootstrap.GradleDaemon 2.14.1
java_class_path (initial): C:\Program Files\Android\Android Studio\gradle\gradle-2.14.1\lib\gradle-launcher-2.14.1.jar
Launcher Type: SUN_STANDARD

Environment Variables:
JAVA_HOME=C:\Program Files\Java\jdk1.8.0_45
PATH=C:\ProgramData\Oracle\Java\javapath;C:\WINDOWS\system32;C:\WINDOWS;C:\WINDOWS\System32\Wbem;C:\WINDOWS\System32\WindowsPowerShell\v1.0\;C:\gradle-2.5/bin;C:\Program Files\Git\cmd;C:\Program Files\Intel\WiFi\bin\;C:\Program Files\Common Files\Intel\WirelessCommon\;C:\Program Files\Intel\WiFi\bin\;C:\Program Files\Common Files\Intel\WirelessCommon\
USERNAME=Administrator
OS=Windows_NT
PROCESSOR_IDENTIFIER=Intel64 Family 6 Model 69 Stepping 1, GenuineIntel



---------------  S Y S T E M  ---------------

OS: Windows 10.0 , 64 bit Build 10586 (10.0.10586.589)

CPU:total 4 (2 cores per cpu, 2 threads per core) family 6 model 69 stepping 1, cmov, cx8, fxsr, mmx, sse, sse2, sse3, ssse3, sse4.1, sse4.2, popcnt, avx, avx2, aes, clmul, erms, lzcnt, ht, tsc, tscinvbit, bmi1, bmi2

Memory: 4k page, physical 8284700k(1047076k free), swap 8284700k(4136k free)

vm_info: Java HotSpot(TM) 64-Bit Server VM (25.45-b02) for windows-amd64 JRE (1.8.0_45-b15), built on Apr 30 2015 12:40:44 by "java_re" with MS VC++ 10.0 (VS2010)

time: Sat Oct 01 21:57:48 2016
elapsed time: 307 seconds (0d 0h 5m 7s)

